0 info it worked if it ends with ok
1 verbose cli [ '/usr/bin/nodejs',
1 verbose cli   '/usr/bin/npm',
1 verbose cli   'install',
1 verbose cli   '--save',
1 verbose cli   'expect',
1 verbose cli   'supertest',
1 verbose cli   'mongodb' ]
2 info using npm@1.3.10
3 info using node@v0.10.25
4 warn package.json hireme@1.0.0 No description
5 warn package.json hireme@1.0.0 No repository field.
6 warn package.json hireme@1.0.0 No README data
7 warn package.json bcrypt-pbkdf@1.0.1 No repository field.
8 warn package.json pause@0.0.1 No repository field.
9 verbose readDependencies using package.json deps
10 verbose cache add [ 'expect', null ]
11 verbose cache add name=undefined spec="expect" args=["expect",null]
12 verbose parsed url { protocol: null,
12 verbose parsed url   slashes: null,
12 verbose parsed url   auth: null,
12 verbose parsed url   host: null,
12 verbose parsed url   port: null,
12 verbose parsed url   hostname: null,
12 verbose parsed url   hash: null,
12 verbose parsed url   search: null,
12 verbose parsed url   query: null,
12 verbose parsed url   pathname: 'expect',
12 verbose parsed url   path: 'expect',
12 verbose parsed url   href: 'expect' }
13 verbose cache add [ 'supertest', null ]
14 verbose cache add name=undefined spec="supertest" args=["supertest",null]
15 verbose parsed url { protocol: null,
15 verbose parsed url   slashes: null,
15 verbose parsed url   auth: null,
15 verbose parsed url   host: null,
15 verbose parsed url   port: null,
15 verbose parsed url   hostname: null,
15 verbose parsed url   hash: null,
15 verbose parsed url   search: null,
15 verbose parsed url   query: null,
15 verbose parsed url   pathname: 'supertest',
15 verbose parsed url   path: 'supertest',
15 verbose parsed url   href: 'supertest' }
16 verbose cache add [ 'mongodb', null ]
17 verbose cache add name=undefined spec="mongodb" args=["mongodb",null]
18 verbose parsed url { protocol: null,
18 verbose parsed url   slashes: null,
18 verbose parsed url   auth: null,
18 verbose parsed url   host: null,
18 verbose parsed url   port: null,
18 verbose parsed url   hostname: null,
18 verbose parsed url   hash: null,
18 verbose parsed url   search: null,
18 verbose parsed url   query: null,
18 verbose parsed url   pathname: 'mongodb',
18 verbose parsed url   path: 'mongodb',
18 verbose parsed url   href: 'mongodb' }
19 silly lockFile 20cf0e48-supertest supertest
20 verbose lock supertest /home/maduabuchi/.npm/20cf0e48-supertest.lock
21 silly lockFile ff93c451-expect expect
22 verbose lock expect /home/maduabuchi/.npm/ff93c451-expect.lock
23 silly lockFile 7f1c982e-mongodb mongodb
24 verbose lock mongodb /home/maduabuchi/.npm/7f1c982e-mongodb.lock
25 silly lockFile 7f1c982e-mongodb mongodb
26 silly lockFile 7f1c982e-mongodb mongodb
27 silly lockFile ff93c451-expect expect
28 silly lockFile ff93c451-expect expect
29 silly lockFile 20cf0e48-supertest supertest
30 silly lockFile 20cf0e48-supertest supertest
31 verbose addNamed [ 'mongodb', '' ]
32 verbose addNamed [ null, '*' ]
33 silly lockFile 886df635-mongodb mongodb@
34 verbose lock mongodb@ /home/maduabuchi/.npm/886df635-mongodb.lock
35 verbose addNamed [ 'supertest', '' ]
36 verbose addNamed [ null, '*' ]
37 silly lockFile 2d5c0939-supertest supertest@
38 verbose lock supertest@ /home/maduabuchi/.npm/2d5c0939-supertest.lock
39 verbose addNamed [ 'expect', '' ]
40 verbose addNamed [ null, '*' ]
41 silly lockFile ee3e7603-expect expect@
42 verbose lock expect@ /home/maduabuchi/.npm/ee3e7603-expect.lock
43 silly addNameRange { name: 'mongodb', range: '*', hasData: false }
44 silly addNameRange { name: 'expect', range: '*', hasData: false }
45 silly addNameRange { name: 'supertest', range: '*', hasData: false }
46 verbose url raw mongodb
47 verbose url resolving [ 'https://registry.npmjs.org/', './mongodb' ]
48 verbose url resolved https://registry.npmjs.org/mongodb
49 info trying registry request attempt 1 at 19:10:11
50 http GET https://registry.npmjs.org/mongodb
51 verbose url raw expect
52 verbose url resolving [ 'https://registry.npmjs.org/', './expect' ]
53 verbose url resolved https://registry.npmjs.org/expect
54 info trying registry request attempt 1 at 19:10:11
55 http GET https://registry.npmjs.org/expect
56 verbose url raw supertest
57 verbose url resolving [ 'https://registry.npmjs.org/', './supertest' ]
58 verbose url resolved https://registry.npmjs.org/supertest
59 info trying registry request attempt 1 at 19:10:11
60 http GET https://registry.npmjs.org/supertest
61 info retry will retry, error on last attempt: Error: getaddrinfo ENOTFOUND
62 info retry will retry, error on last attempt: Error: getaddrinfo ENOTFOUND
63 info retry will retry, error on last attempt: Error: getaddrinfo ENOTFOUND
64 info trying registry request attempt 2 at 19:10:41
65 http GET https://registry.npmjs.org/supertest
66 info trying registry request attempt 2 at 19:10:41
67 http GET https://registry.npmjs.org/expect
68 info trying registry request attempt 2 at 19:10:41
69 http GET https://registry.npmjs.org/mongodb
70 info retry will retry, error on last attempt: Error: getaddrinfo ENOTFOUND
71 info retry will retry, error on last attempt: Error: getaddrinfo ENOTFOUND
72 info retry will retry, error on last attempt: Error: getaddrinfo ENOTFOUND
73 info trying registry request attempt 3 at 19:12:01
74 http GET https://registry.npmjs.org/expect
75 info trying registry request attempt 3 at 19:12:01
76 http GET https://registry.npmjs.org/supertest
77 info trying registry request attempt 3 at 19:12:01
78 http GET https://registry.npmjs.org/mongodb
79 silly lockFile ee3e7603-expect expect@
80 silly lockFile ee3e7603-expect expect@
81 error network getaddrinfo ENOTFOUND
81 error network This is most likely not a problem with npm itself
81 error network and is related to network connectivity.
81 error network In most cases you are behind a proxy or have bad network settings.
81 error network
81 error network If you are behind a proxy, please make sure that the
81 error network 'proxy' config is set properly.  See: 'npm help config'
82 error System Linux 4.4.0-43-Microsoft
83 error command "/usr/bin/nodejs" "/usr/bin/npm" "install" "--save" "expect" "supertest" "mongodb"
84 error cwd /mnt/c/Users/MADUABUCHI/Desktop/workSpace/REACT/hireme
85 error node -v v0.10.25
86 error npm -v 1.3.10
87 error syscall getaddrinfo
88 error code ENOTFOUND
89 error errno ENOTFOUND
90 verbose exit [ 1, true ]
